C51 COMPILER V9.60.7.0   MAIN                                                              08/30/2023 14:51:18 PAGE 1   


C51 COMPILER V9.60.7.0, COMPILATION OF MODULE MAIN
OBJECT MODULE PLACED IN .\Objects\main.obj
COMPILER INVOKED BY: C:\Keil_v5\C51\BIN\C51.EXE main.c OPTIMIZE(8,SPEED) BROWSE INCDIR(..\赛元8003应用资料\SC92F8003 DEM
                    -O CODE\SC92F8003_Lib\inc) DEBUG OBJECTEXTEND PRINT(.\Listings\main.lst) TABS(2) OBJECT(.\Objects\main.obj)

line level    source

   1          
   2          #include "sc92f8003_gpio.h"
   3          #include "onewire.h"
   4          
   5            
   6          
   7          
   8          
   9          void main(void)
  10          {
  11   1        char i;
  12   1        char j = 0x01;
  13   1        char datas[10] = {
  14   1          0x99,0x0,0xff,0x0,0xff,0x0,0xff,0x0,0xff,
  15   1        };  
  16   1        
  17   1        for (i = 0; i < 10; i++)
  18   1          datas[i] = 10;
  19   1        
  20   1        GPIO_Init(GPIO1,GPIO_PIN_3,GPIO_MODE_OUT_PP); 
  21   1        onewire_init();
  22   1        
  23   1        while (1)
  24   1        {
  25   2          DQ_OUT;
  26   2          delayus(1000);
  27   2          
  28   2          ops_onewire_reset();
  29   2          
  30   2          //delayus(1000 * 2);
  31   2          
  32   2          for (i = 0; i < 10; i++)
  33   2          {
  34   3            ops_onewire_write(&(datas[i]), 1);
  35   3            delayus(1000);
  36   3            GPIO_WriteHigh(GPIO1,GPIO_PIN_3);
  37   3            delayus(1000);
  38   3            GPIO_WriteLow(GPIO1,GPIO_PIN_3); 
  39   3          }
  40   2          
  41   2          for (i = 0; i < 10; i++)
  42   2          {
  43   3            datas[i] = j;
  44   3          }
  45   2          j++;
  46   2          
  47   2        } 
  48   1      }


MODULE INFORMATION:   STATIC OVERLAYABLE
   CODE SIZE        =    159    ----
   CONSTANT SIZE    =     10    ----
   XDATA SIZE       =   ----    ----
C51 COMPILER V9.60.7.0   MAIN                                                              08/30/2023 14:51:18 PAGE 2   

   PDATA SIZE       =   ----    ----
   DATA SIZE        =   ----      12
   IDATA SIZE       =   ----    ----
   BIT SIZE         =   ----    ----
END OF MODULE INFORMATION.


C51 COMPILATION COMPLETE.  0 WARNING(S),  0 ERROR(S)
