C51 COMPILER V9.60.7.0   ONEWIRE                                                           08/30/2023 10:55:57 PAGE 1   


C51 COMPILER V9.60.7.0, COMPILATION OF MODULE ONEWIRE
OBJECT MODULE PLACED IN .\Objects\onewire.obj
COMPILER INVOKED BY: C:\Keil_v5\C51\BIN\C51.EXE onewire.c OPTIMIZE(8,SPEED) BROWSE INCDIR(..\赛元8003应用资料\SC92F8003 
                    -DEMO CODE\SC92F8003_Lib\inc) DEBUG OBJECTEXTEND PRINT(.\Listings\onewire.lst) TABS(2) OBJECT(.\Objects\onewire.obj)

line level    source

   1           
   2          #include "onewire.h"
   3          #include "sc92f8003_gpio.h"
   4          
   5          static void gpio_set_sdo(char state)
   6          {
   7   1        if (state)
   8   1          GPIO_WriteHigh(GPIO1,DQ_PIN);
   9   1        else
  10   1          GPIO_WriteLow(GPIO1,DQ_PIN); 
  11   1      }
  12          
  13          static uint8_t gpio_get_sdo(void)
  14          {
  15   1        return (GPIO_ReadPin(GPIO1,DQ_PIN));
  16   1      }
  17          
  18          void delayus(uint32_t us)
  19          {
  20   1      #if 1  /* 不用系统延时时开启这个！！*/
  21   1          volatile int32_t i;
  22   1        
  23   1          for (; us > 0; us--)
  24   1          {
  25   2              i = 100;  //mini 17
  26   2              while(i--);
  27   2          }
  28   1      #else
                  Delayus(us);
              #endif
  31   1      }
  32          
  33          /**
  34            * @brief  初始化单总线
  35            * @param  none
  36            * @retval none
  37          */
  38          void onewire_init(void)
  39          {
  40   1        GPIO_Init(GPIO1,DQ_PIN,GPIO_MODE_OUT_PP); 
  41   1      }
  42          
  43          
  44          
  45          /**
  46            * @brief  单总线复位时序
  47            * @param  onewire 总线结构体指针
  48            * @retval 成功返回0
  49          */
  50          unsigned char ops_onewire_reset(void)
  51          {
  52   1        unsigned char ret = 0;
  53   1      
  54   1        DQ_OUT;
C51 COMPILER V9.60.7.0   ONEWIRE                                                           08/30/2023 10:55:57 PAGE 2   

  55   1        gpio_set_sdo(1);
  56   1        delayus(50);
  57   1        gpio_set_sdo(0);
  58   1        delayus(500);
  59   1        gpio_set_sdo(1);
  60   1        delayus(40);
  61   1        DQ_IN;
  62   1        ret = gpio_get_sdo();
  63   1        DQ_OUT;
  64   1        delayus(500);
  65   1        gpio_set_sdo(1);
  66   1      
  67   1        return ret;
  68   1      }
  69          
  70          /**
  71            * @brief  单总线读取一字节数据
  72            * @param  onewire 总线结构体指针
  73            * @retval 返回读取的数据
  74          */
  75          static char ops_onewire_read_byte(void)
  76          {
  77   1        char value = 0;
  78   1        unsigned char i = 0;
  79   1      
  80   1        for(i=8;i>0;i--)
  81   1        {
  82   2          value >>= 1;
  83   2          DQ_OUT;
  84   2          gpio_set_sdo(0);
  85   2          delayus(5);
  86   2          gpio_set_sdo(1);
  87   2          DQ_IN;
  88   2          delayus(5);
  89   2          if(gpio_get_sdo())
  90   2            value |= 0x80;
  91   2          else
  92   2            value &= 0x7f;
  93   2          delayus(65);
  94   2          DQ_OUT;
  95   2          gpio_set_sdo(1);
  96   2        }
  97   1        return value;
  98   1      }
  99          
 100          /**
 101            * @brief  读取多字节
 102            * @param  onewire 总线结构体指针
 103            * @param  buff 存放数据缓存
 104            * @param  size 数据大小
 105            * @retval 返回读取到的数据大小
 106          */
 107          int ops_onewire_read(void *buff,int len)
 108          {
 109   1        int i;
 110   1        char *p = (char*)buff;
 111   1        
 112   1        for(i=0;i<len;i++)
 113   1          p[i++]=ops_onewire_read_byte();
 114   1        return i;
 115   1      }
 116          
C51 COMPILER V9.60.7.0   ONEWIRE                                                           08/30/2023 10:55:57 PAGE 3   

 117          /**
 118            * @brief  单总线写一字节
 119            * @param  onewire 总线结构体指针
 120            * @param  data 待写数据
 121            * @retval 返回读取的数据
 122          */
 123          static int ops_onewire_write_byte(char value)
 124          {
 125   1        unsigned char i;
 126   1      
 127   1        DQ_OUT;
 128   1        for(i=8;i>0;i--)
 129   1        {
 130   2          gpio_set_sdo(0);
 131   2          delayus(5);
 132   2          if(value&0x01)
 133   2            gpio_set_sdo(1);
 134   2          else
 135   2            gpio_set_sdo(0);
 136   2          delayus(65);
 137   2          gpio_set_sdo(1);
 138   2          delayus(2);
 139   2          value >>= 1;
 140   2        }
 141   1        return 0;
 142   1      }
 143          
 144          /**
 145            * @brief  写多字节
 146            * @param  onewire 总线结构体指针
 147            * @param  buff 代写数据地址
 148            * @param  size 数据大小
 149            * @retval 写入数据大小
 150          */
 151          int ops_onewire_write(void *buff,int len)
 152          {
 153   1        int i;
 154   1        char *p = (char*)buff;
 155   1      
 156   1        for(i=0;i<len;i++)
 157   1        {
 158   2          if(ops_onewire_write_byte(p[i]) != 0)
 159   2            break;
 160   2        }
 161   1        return i;
 162   1      }


MODULE INFORMATION:   STATIC OVERLAYABLE
   CODE SIZE        =    507    ----
   CONSTANT SIZE    =   ----    ----
   XDATA SIZE       =   ----    ----
   PDATA SIZE       =   ----    ----
   DATA SIZE        =   ----      27
   IDATA SIZE       =   ----    ----
   BIT SIZE         =   ----    ----
END OF MODULE INFORMATION.


C51 COMPILATION COMPLETE.  0 WARNING(S),  0 ERROR(S)
